build/outputs/logs/manifest-merger-debug-report.txt
-- Merging decision tree log ---
manifest
ADDED from android\MooA\AndroidManifest.xml:2:1-66:12
	package
		ADDED from android\MooA\AndroidManifest.xml:3:5-29
	android:versionName
		ADDED from android\MooA\AndroidManifest.xml:5:5-31
		INJECTED from android\MooA\AndroidManifest.xml
		INJECTED from android\MooA\AndroidManifest.xml
	android:versionCode
		ADDED from android\MooA\AndroidManifest.xml:4:5-29
		INJECTED from android\MooA\AndroidManifest.xml
		INJECTED from android\MooA\AndroidManifest.xml
	xmlns:android
		ADDED from android\MooA\AndroidManifest.xml:2:11-69
uses-sdk
ADDED from android\MooA\AndroidManifest.xml:7:5-9:41
MERGED from [com.github.wseemann:FFmpegMediaPlayer:1.0.4] AndroidManifest.xml:7:5-9:41
MERGED from [com.android.support:appcompat-v7:18.0.0] AndroidManifest.xml:18:5-42
	android:targetSdkVersion
		ADDED from android\MooA\AndroidManifest.xml:9:9-38
		INJECTED from android\MooA\AndroidManifest.xml
		INJECTED from android\MooA\AndroidManifest.xml
	android:minSdkVersion
		ADDED from android\MooA\AndroidManifest.xml:8:9-35
		INJECTED from android\MooA\AndroidManifest.xml
		INJECTED from android\MooA\AndroidManifest.xml
permission#com.world.mooa.permission.C2D_MESSAGE
ADDED from android\MooA\AndroidManifest.xml:11:5-108
	android:protectionLevel
		ADDED from android\MooA\AndroidManifest.xml:11:70-105
	android:name
		ADDED from android\MooA\AndroidManifest.xml:11:17-69
uses-permission#android.permission.WAKE_LOCK
ADDED from android\MooA\AndroidManifest.xml:13:5-68
	android:name
		ADDED from android\MooA\AndroidManifest.xml:13:22-65
uses-permission#android.permission.INTERNET
ADDED from android\MooA\AndroidManifest.xml:14:5-67
	android:name
		ADDED from android\MooA\AndroidManifest.xml:14:22-64
uses-permission#android.permission.GET_ACCOUNTS
ADDED from android\MooA\AndroidManifest.xml:15:5-71
	android:name
		ADDED from android\MooA\AndroidManifest.xml:15:22-68
uses-permission#android.permission.ACCESS_NETWORK_STATE
ADDED from android\MooA\AndroidManifest.xml:16:5-79
	android:name
		ADDED from android\MooA\AndroidManifest.xml:16:22-76
uses-permission#android.permission.READ_EXTERNAL_STORAGE
ADDED from android\MooA\AndroidManifest.xml:17:5-80
	android:name
		ADDED from android\MooA\AndroidManifest.xml:17:22-77
uses-permission#android.permission.READ_PHONE_STATE
ADDED from android\MooA\AndroidManifest.xml:18:5-74
	android:name
		ADDED from android\MooA\AndroidManifest.xml:18:22-72
uses-permission#com.google.android.c2dm.permission.RECEIVE
ADDED from android\MooA\AndroidManifest.xml:19:5-82
	android:name
		ADDED from android\MooA\AndroidManifest.xml:19:22-79
uses-permission#com.world.mooa.permission.C2D_MESSAGE
ADDED from android\MooA\AndroidManifest.xml:20:5-77
	android:name
		ADDED from android\MooA\AndroidManifest.xml:20:22-74
uses-permission#com.android.vending.BILLING
ADDED from android\MooA\AndroidManifest.xml:21:5-67
	android:name
		ADDED from android\MooA\AndroidManifest.xml:21:22-64
application
ADDED from android\MooA\AndroidManifest.xml:23:5-64:19
MERGED from [com.android.support:appcompat-v7:18.0.0] AndroidManifest.xml:19:5-20
	android:label
		ADDED from android\MooA\AndroidManifest.xml:26:9-41
	android:allowBackup
		ADDED from android\MooA\AndroidManifest.xml:24:9-35
	android:icon
		ADDED from android\MooA\AndroidManifest.xml:25:9-45
	android:theme
		ADDED from android\MooA\AndroidManifest.xml:27:9-40
activity#io.vov.vitamio.activity.InitActivity
ADDED from android\MooA\AndroidManifest.xml:29:9-34:63
	android:launchMode
		ADDED from android\MooA\AndroidManifest.xml:32:13-43
	android:windowSoftInputMode
		ADDED from android\MooA\AndroidManifest.xml:34:13-60
	android:configChanges
		ADDED from android\MooA\AndroidManifest.xml:31:13-113
	android:theme
		ADDED from android\MooA\AndroidManifest.xml:33:13-60
	android:name
		ADDED from android\MooA\AndroidManifest.xml:30:13-64
activity#com.world.mooa.MainActivity
ADDED from android\MooA\AndroidManifest.xml:36:9-52:20
	android:screenOrientation
		ADDED from android\MooA\AndroidManifest.xml:41:13-49
	android:label
		ADDED from android\MooA\AndroidManifest.xml:39:13-45
	android:launchMode
		ADDED from android\MooA\AndroidManifest.xml:38:13-44
	android:theme
		ADDED from android\MooA\AndroidManifest.xml:40:13-60
	android:name
		ADDED from android\MooA\AndroidManifest.xml:37:13-41
intent-filter#android.intent.action.MAIN+android.intent.category.LAUNCHER
ADDED from android\MooA\AndroidManifest.xml:42:13-45:29
action#android.intent.action.MAIN
ADDED from android\MooA\AndroidManifest.xml:43:17-69
	android:name
		ADDED from android\MooA\AndroidManifest.xml:43:25-66
category#android.intent.category.LAUNCHER
ADDED from android\MooA\AndroidManifest.xml:44:17-77
	android:name
		ADDED from android\MooA\AndroidManifest.xml:44:27-74
intent-filter#android.intent.action.VIEW+android.intent.category.BROWSABLE+android.intent.category.DEFAULT
ADDED from android\MooA\AndroidManifest.xml:46:13-51:29
action#android.intent.action.VIEW
ADDED from android\MooA\AndroidManifest.xml:47:17-69
	android:name
		ADDED from android\MooA\AndroidManifest.xml:47:25-66
category#android.intent.category.DEFAULT
ADDED from android\MooA\AndroidManifest.xml:48:17-76
	android:name
		ADDED from android\MooA\AndroidManifest.xml:48:27-73
category#android.intent.category.BROWSABLE
ADDED from android\MooA\AndroidManifest.xml:49:17-78
	android:name
		ADDED from android\MooA\AndroidManifest.xml:49:27-75
data
ADDED from android\MooA\AndroidManifest.xml:50:17-71
	android:host
		ADDED from android\MooA\AndroidManifest.xml:50:23-46
	android:scheme
		ADDED from android\MooA\AndroidManifest.xml:50:47-68
receiver#com.google.android.gcm.GCMBroadcastReceiver
ADDED from android\MooA\AndroidManifest.xml:54:9-62:20
	android:permission
		ADDED from android\MooA\AndroidManifest.xml:56:13-73
	android:name
		ADDED from android\MooA\AndroidManifest.xml:55:13-71
intent-filter#com.google.android.c2dm.intent.RECEIVE+com.google.android.c2dm.intent.REGISTRATION+com.world.mooa
ADDED from android\MooA\AndroidManifest.xml:57:13-61:29
action#com.google.android.c2dm.intent.RECEIVE
ADDED from android\MooA\AndroidManifest.xml:58:17-81
	android:name
		ADDED from android\MooA\AndroidManifest.xml:58:25-78
action#com.google.android.c2dm.intent.REGISTRATION
ADDED from android\MooA\AndroidManifest.xml:59:17-86
	android:name
		ADDED from android\MooA\AndroidManifest.xml:59:25-83
category#com.world.mooa
ADDED from android\MooA\AndroidManifest.xml:60:17-59
	android:name
		ADDED from android\MooA\AndroidManifest.xml:60:27-56
service#com.world.mooa.GCMIntentService
ADDED from android\MooA\AndroidManifest.xml:63:9-53
	android:name
		ADDED from android\MooA\AndroidManifest.xml:63:18-50